<?xml version="1.0" encoding="UTF-8"?>
<testng-results ignored="0" total="2" passed="2" failed="0" skipped="0">
  <reporter-output>
  </reporter-output>
  <suite started-at="2023-08-16T16:31:15 CDT" name="Default suite" finished-at="2023-08-16T16:31:23 CDT" duration-ms="8010">
    <groups>
    </groups>
    <test started-at="2023-08-16T16:31:15 CDT" name="Default test" finished-at="2023-08-16T16:31:23 CDT" duration-ms="8010">
      <class name="com.crm.qa.testcases.LoginPageTest">
        <test-method is-config="true" signature="setUp()[pri:0, instance:com.crm.qa.testcases.LoginPageTest@3d51f06e]" started-at="2023-08-16T16:31:15 CDT" name="setUp" finished-at="2023-08-16T16:31:19 CDT" duration-ms="3787" status="PASS">
          <reporter-output>
          </reporter-output>
        </test-method> <!-- setUp -->
        <test-method signature="loginPageTitleTest()[pri:1, instance:com.crm.qa.testcases.LoginPageTest@3d51f06e]" started-at="2023-08-16T16:31:19 CDT" name="loginPageTitleTest" finished-at="2023-08-16T16:31:19 CDT" duration-ms="13" status="PASS">
          <reporter-output>
          </reporter-output>
        </test-method> <!-- loginPageTitleTest -->
        <test-method is-config="true" signature="tearDown()[pri:0, instance:com.crm.qa.testcases.LoginPageTest@3d51f06e]" started-at="2023-08-16T16:31:19 CDT" name="tearDown" finished-at="2023-08-16T16:31:20 CDT" duration-ms="636" status="PASS">
          <reporter-output>
          </reporter-output>
        </test-method> <!-- tearDown -->
        <test-method is-config="true" signature="setUp()[pri:0, instance:com.crm.qa.testcases.LoginPageTest@3d51f06e]" started-at="2023-08-16T16:31:20 CDT" name="setUp" finished-at="2023-08-16T16:31:22 CDT" duration-ms="2759" status="PASS">
          <reporter-output>
          </reporter-output>
        </test-method> <!-- setUp -->
        <test-method signature="loginTest()[pri:2, instance:com.crm.qa.testcases.LoginPageTest@3d51f06e]" started-at="2023-08-16T16:31:22 CDT" name="loginTest" finished-at="2023-08-16T16:31:23 CDT" duration-ms="169" status="PASS">
          <reporter-output>
          </reporter-output>
        </test-method> <!-- loginTest -->
        <test-method is-config="true" signature="tearDown()[pri:0, instance:com.crm.qa.testcases.LoginPageTest@3d51f06e]" started-at="2023-08-16T16:31:23 CDT" name="tearDown" finished-at="2023-08-16T16:31:23 CDT" duration-ms="615" status="PASS">
          <reporter-output>
          </reporter-output>
        </test-method> <!-- tearDown -->
      </class> <!-- com.crm.qa.testcases.LoginPageTest -->
    </test> <!-- Default test -->
  </suite> <!-- Default suite -->
</testng-results>
